<?xml version="1.0" encoding="UTF-8"?>
<!-- Generated by org.testng.reporters.JUnitReportReporter -->
<testsuite hostname="Vijaya-Personal-PC" failures="0" tests="1" name="test.AddCustomerTest" time="3.516" errors="0" timestamp="2023-05-01T15:51:58 CDT" skipped="0">
  <testcase classname="test.AddCustomerTest" name="userShouldBeAbleToAddCustomer" time="3.516"/>
  <system-out/>
</testsuite> <!-- test.AddCustomerTest -->
