<?xml version="1.0" encoding="UTF-8"?>
<!-- Generated by org.testng.reporters.JUnitReportReporter -->
<testsuite hostname="Vijaya-Personal-PC" failures="0" tests="1" name="util.BrowseFactory" time="2.117" errors="0" timestamp="2023-04-30T00:29:53 CDT" skipped="0">
  <testcase classname="util.BrowseFactory" name="init" time="2.117"/>
  <system-out/>
</testsuite> <!-- util.BrowseFactory -->
