<?xml version="1.0" encoding="UTF-8"?>
<!-- Generated by org.testng.reporters.JUnitReportReporter -->
<testsuite hostname="Vijaya-Personal-PC" failures="0" tests="1" name="test.LoginTest" time="3.088" errors="0" timestamp="2023-05-01T13:44:36 CDT" skipped="0">
  <testcase classname="test.LoginTest" name="userShouldBeAbleToLogin" time="3.088"/>
  <system-out/>
</testsuite> <!-- test.LoginTest -->
